2024-01-31 15:12:30,515 [Worker-1: Loading available Gradle versions] INFO  o.e.b.c.i.u.g.PublishedGradleVersions - Gradle version information cache is up-to-date. Trying to read.
2024-01-31 15:14:10,119 [Worker-11: Launching mavenrun-7f5f87e6-36f8-425b-bbf0-e463341ec544] INFO  o.eclipse.m2e.core.internal.Bundles - getClasspathEntries(Bundle=org.eclipse.m2e.maven.runtime_3.9.500.20231113-2345 [295])
2024-01-31 15:14:10,123 [Worker-11: Launching mavenrun-7f5f87e6-36f8-425b-bbf0-e463341ec544] INFO  o.eclipse.m2e.core.internal.Bundles - 	Entry: C:\Users\selva\.p2\pool\plugins\org.eclipse.m2e.maven.runtime_3.9.500.20231113-2345
2024-01-31 15:14:10,124 [Worker-11: Launching mavenrun-7f5f87e6-36f8-425b-bbf0-e463341ec544] INFO  o.eclipse.m2e.core.internal.Bundles - 	Entry: C:\Users\selva\.p2\pool\plugins\org.eclipse.m2e.maven.runtime_3.9.500.20231113-2345\jars\aopalliance-1.0.jar
2024-01-31 15:14:10,125 [Worker-11: Launching mavenrun-7f5f87e6-36f8-425b-bbf0-e463341ec544] INFO  o.eclipse.m2e.core.internal.Bundles - 	Entry: C:\Users\selva\.p2\pool\plugins\org.eclipse.m2e.maven.runtime_3.9.500.20231113-2345\jars\guice-5.1.0.jar
2024-01-31 15:14:10,125 [Worker-11: Launching mavenrun-7f5f87e6-36f8-425b-bbf0-e463341ec544] INFO  o.eclipse.m2e.core.internal.Bundles - 	Entry: C:\Users\selva\.p2\pool\plugins\org.eclipse.m2e.maven.runtime_3.9.500.20231113-2345\jars\httpclient-4.5.14.jar
2024-01-31 15:14:10,125 [Worker-11: Launching mavenrun-7f5f87e6-36f8-425b-bbf0-e463341ec544] INFO  o.eclipse.m2e.core.internal.Bundles - 	Entry: C:\Users\selva\.p2\pool\plugins\org.eclipse.m2e.maven.runtime_3.9.500.20231113-2345\jars\httpcore-4.4.16.jar
2024-01-31 15:14:10,125 [Worker-11: Launching mavenrun-7f5f87e6-36f8-425b-bbf0-e463341ec544] INFO  o.eclipse.m2e.core.internal.Bundles - 	Entry: C:\Users\selva\.p2\pool\plugins\org.eclipse.m2e.maven.runtime_3.9.500.20231113-2345\jars\jansi-2.4.0.jar
2024-01-31 15:14:10,126 [Worker-11: Launching mavenrun-7f5f87e6-36f8-425b-bbf0-e463341ec544] INFO  o.eclipse.m2e.core.internal.Bundles - 	Entry: C:\Users\selva\.p2\pool\plugins\org.eclipse.m2e.maven.runtime_3.9.500.20231113-2345\jars\jcl-over-slf4j-1.7.36.jar
2024-01-31 15:14:10,126 [Worker-11: Launching mavenrun-7f5f87e6-36f8-425b-bbf0-e463341ec544] INFO  o.eclipse.m2e.core.internal.Bundles - 	Entry: C:\Users\selva\.p2\pool\plugins\org.eclipse.m2e.maven.runtime_3.9.500.20231113-2345\jars\maven-artifact-3.9.5.jar
2024-01-31 15:14:10,126 [Worker-11: Launching mavenrun-7f5f87e6-36f8-425b-bbf0-e463341ec544] INFO  o.eclipse.m2e.core.internal.Bundles - 	Entry: C:\Users\selva\.p2\pool\plugins\org.eclipse.m2e.maven.runtime_3.9.500.20231113-2345\jars\maven-builder-support-3.9.5.jar
2024-01-31 15:14:10,126 [Worker-11: Launching mavenrun-7f5f87e6-36f8-425b-bbf0-e463341ec544] INFO  o.eclipse.m2e.core.internal.Bundles - 	Entry: C:\Users\selva\.p2\pool\plugins\org.eclipse.m2e.maven.runtime_3.9.500.20231113-2345\jars\maven-compat-3.9.5.jar
2024-01-31 15:14:10,126 [Worker-11: Launching mavenrun-7f5f87e6-36f8-425b-bbf0-e463341ec544] INFO  o.eclipse.m2e.core.internal.Bundles - 	Entry: C:\Users\selva\.p2\pool\plugins\org.eclipse.m2e.maven.runtime_3.9.500.20231113-2345\jars\maven-core-3.9.5.jar
2024-01-31 15:14:10,126 [Worker-11: Launching mavenrun-7f5f87e6-36f8-425b-bbf0-e463341ec544] INFO  o.eclipse.m2e.core.internal.Bundles - 	Entry: C:\Users\selva\.p2\pool\plugins\org.eclipse.m2e.maven.runtime_3.9.500.20231113-2345\jars\maven-embedder-3.9.5.jar
2024-01-31 15:14:10,127 [Worker-11: Launching mavenrun-7f5f87e6-36f8-425b-bbf0-e463341ec544] INFO  o.eclipse.m2e.core.internal.Bundles - 	Entry: C:\Users\selva\.p2\pool\plugins\org.eclipse.m2e.maven.runtime_3.9.500.20231113-2345\jars\maven-model-3.9.5.jar
2024-01-31 15:14:10,127 [Worker-11: Launching mavenrun-7f5f87e6-36f8-425b-bbf0-e463341ec544] INFO  o.eclipse.m2e.core.internal.Bundles - 	Entry: C:\Users\selva\.p2\pool\plugins\org.eclipse.m2e.maven.runtime_3.9.500.20231113-2345\jars\maven-model-builder-3.9.5.jar
2024-01-31 15:14:10,127 [Worker-11: Launching mavenrun-7f5f87e6-36f8-425b-bbf0-e463341ec544] INFO  o.eclipse.m2e.core.internal.Bundles - 	Entry: C:\Users\selva\.p2\pool\plugins\org.eclipse.m2e.maven.runtime_3.9.500.20231113-2345\jars\maven-plugin-api-3.9.5.jar
2024-01-31 15:14:10,127 [Worker-11: Launching mavenrun-7f5f87e6-36f8-425b-bbf0-e463341ec544] INFO  o.eclipse.m2e.core.internal.Bundles - 	Entry: C:\Users\selva\.p2\pool\plugins\org.eclipse.m2e.maven.runtime_3.9.500.20231113-2345\jars\maven-repository-metadata-3.9.5.jar
2024-01-31 15:14:10,127 [Worker-11: Launching mavenrun-7f5f87e6-36f8-425b-bbf0-e463341ec544] INFO  o.eclipse.m2e.core.internal.Bundles - 	Entry: C:\Users\selva\.p2\pool\plugins\org.eclipse.m2e.maven.runtime_3.9.500.20231113-2345\jars\maven-resolver-api-1.9.16.jar
2024-01-31 15:14:10,127 [Worker-11: Launching mavenrun-7f5f87e6-36f8-425b-bbf0-e463341ec544] INFO  o.eclipse.m2e.core.internal.Bundles - 	Entry: C:\Users\selva\.p2\pool\plugins\org.eclipse.m2e.maven.runtime_3.9.500.20231113-2345\jars\maven-resolver-connector-basic-1.9.16.jar
2024-01-31 15:14:10,127 [Worker-11: Launching mavenrun-7f5f87e6-36f8-425b-bbf0-e463341ec544] INFO  o.eclipse.m2e.core.internal.Bundles - 	Entry: C:\Users\selva\.p2\pool\plugins\org.eclipse.m2e.maven.runtime_3.9.500.20231113-2345\jars\maven-resolver-impl-1.9.16.jar
2024-01-31 15:14:10,127 [Worker-11: Launching mavenrun-7f5f87e6-36f8-425b-bbf0-e463341ec544] INFO  o.eclipse.m2e.core.internal.Bundles - 	Entry: C:\Users\selva\.p2\pool\plugins\org.eclipse.m2e.maven.runtime_3.9.500.20231113-2345\jars\maven-resolver-named-locks-1.9.16.jar
2024-01-31 15:14:10,128 [Worker-11: Launching mavenrun-7f5f87e6-36f8-425b-bbf0-e463341ec544] INFO  o.eclipse.m2e.core.internal.Bundles - 	Entry: C:\Users\selva\.p2\pool\plugins\org.eclipse.m2e.maven.runtime_3.9.500.20231113-2345\jars\maven-resolver-provider-3.9.5.jar
2024-01-31 15:14:10,128 [Worker-11: Launching mavenrun-7f5f87e6-36f8-425b-bbf0-e463341ec544] INFO  o.eclipse.m2e.core.internal.Bundles - 	Entry: C:\Users\selva\.p2\pool\plugins\org.eclipse.m2e.maven.runtime_3.9.500.20231113-2345\jars\maven-resolver-spi-1.9.16.jar
2024-01-31 15:14:10,128 [Worker-11: Launching mavenrun-7f5f87e6-36f8-425b-bbf0-e463341ec544] INFO  o.eclipse.m2e.core.internal.Bundles - 	Entry: C:\Users\selva\.p2\pool\plugins\org.eclipse.m2e.maven.runtime_3.9.500.20231113-2345\jars\maven-resolver-transport-file-1.9.16.jar
2024-01-31 15:14:10,128 [Worker-11: Launching mavenrun-7f5f87e6-36f8-425b-bbf0-e463341ec544] INFO  o.eclipse.m2e.core.internal.Bundles - 	Entry: C:\Users\selva\.p2\pool\plugins\org.eclipse.m2e.maven.runtime_3.9.500.20231113-2345\jars\maven-resolver-transport-http-1.9.16.jar
2024-01-31 15:14:10,128 [Worker-11: Launching mavenrun-7f5f87e6-36f8-425b-bbf0-e463341ec544] INFO  o.eclipse.m2e.core.internal.Bundles - 	Entry: C:\Users\selva\.p2\pool\plugins\org.eclipse.m2e.maven.runtime_3.9.500.20231113-2345\jars\maven-resolver-transport-wagon-1.9.16.jar
2024-01-31 15:14:10,128 [Worker-11: Launching mavenrun-7f5f87e6-36f8-425b-bbf0-e463341ec544] INFO  o.eclipse.m2e.core.internal.Bundles - 	Entry: C:\Users\selva\.p2\pool\plugins\org.eclipse.m2e.maven.runtime_3.9.500.20231113-2345\jars\maven-resolver-util-1.9.16.jar
2024-01-31 15:14:10,128 [Worker-11: Launching mavenrun-7f5f87e6-36f8-425b-bbf0-e463341ec544] INFO  o.eclipse.m2e.core.internal.Bundles - 	Entry: C:\Users\selva\.p2\pool\plugins\org.eclipse.m2e.maven.runtime_3.9.500.20231113-2345\jars\maven-settings-3.9.5.jar
2024-01-31 15:14:10,129 [Worker-11: Launching mavenrun-7f5f87e6-36f8-425b-bbf0-e463341ec544] INFO  o.eclipse.m2e.core.internal.Bundles - 	Entry: C:\Users\selva\.p2\pool\plugins\org.eclipse.m2e.maven.runtime_3.9.500.20231113-2345\jars\maven-settings-builder-3.9.5.jar
2024-01-31 15:14:10,129 [Worker-11: Launching mavenrun-7f5f87e6-36f8-425b-bbf0-e463341ec544] INFO  o.eclipse.m2e.core.internal.Bundles - 	Entry: C:\Users\selva\.p2\pool\plugins\org.eclipse.m2e.maven.runtime_3.9.500.20231113-2345\jars\maven-shared-utils-3.3.4.jar
2024-01-31 15:14:10,129 [Worker-11: Launching mavenrun-7f5f87e6-36f8-425b-bbf0-e463341ec544] INFO  o.eclipse.m2e.core.internal.Bundles - 	Entry: C:\Users\selva\.p2\pool\plugins\org.eclipse.m2e.maven.runtime_3.9.500.20231113-2345\jars\org.eclipse.sisu.inject-0.3.5.jar
2024-01-31 15:14:10,129 [Worker-11: Launching mavenrun-7f5f87e6-36f8-425b-bbf0-e463341ec544] INFO  o.eclipse.m2e.core.internal.Bundles - 	Entry: C:\Users\selva\.p2\pool\plugins\org.eclipse.m2e.maven.runtime_3.9.500.20231113-2345\jars\org.eclipse.sisu.plexus-0.3.5.jar
2024-01-31 15:14:10,129 [Worker-11: Launching mavenrun-7f5f87e6-36f8-425b-bbf0-e463341ec544] INFO  o.eclipse.m2e.core.internal.Bundles - 	Entry: C:\Users\selva\.p2\pool\plugins\org.eclipse.m2e.maven.runtime_3.9.500.20231113-2345\jars\plexus-build-api-0.0.7.jar
2024-01-31 15:14:10,129 [Worker-11: Launching mavenrun-7f5f87e6-36f8-425b-bbf0-e463341ec544] INFO  o.eclipse.m2e.core.internal.Bundles - 	Entry: C:\Users\selva\.p2\pool\plugins\org.eclipse.m2e.maven.runtime_3.9.500.20231113-2345\jars\plexus-cipher-2.0.jar
2024-01-31 15:14:10,129 [Worker-11: Launching mavenrun-7f5f87e6-36f8-425b-bbf0-e463341ec544] INFO  o.eclipse.m2e.core.internal.Bundles - 	Entry: C:\Users\selva\.p2\pool\plugins\org.eclipse.m2e.maven.runtime_3.9.500.20231113-2345\jars\plexus-classworlds-2.7.0.jar
2024-01-31 15:14:10,130 [Worker-11: Launching mavenrun-7f5f87e6-36f8-425b-bbf0-e463341ec544] INFO  o.eclipse.m2e.core.internal.Bundles - 	Entry: C:\Users\selva\.p2\pool\plugins\org.eclipse.m2e.maven.runtime_3.9.500.20231113-2345\jars\plexus-component-annotations-2.1.0.jar
2024-01-31 15:14:10,130 [Worker-11: Launching mavenrun-7f5f87e6-36f8-425b-bbf0-e463341ec544] INFO  o.eclipse.m2e.core.internal.Bundles - 	Entry: C:\Users\selva\.p2\pool\plugins\org.eclipse.m2e.maven.runtime_3.9.500.20231113-2345\jars\plexus-interpolation-1.26.jar
2024-01-31 15:14:10,130 [Worker-11: Launching mavenrun-7f5f87e6-36f8-425b-bbf0-e463341ec544] INFO  o.eclipse.m2e.core.internal.Bundles - 	Entry: C:\Users\selva\.p2\pool\plugins\org.eclipse.m2e.maven.runtime_3.9.500.20231113-2345\jars\plexus-sec-dispatcher-2.0.jar
2024-01-31 15:14:10,130 [Worker-11: Launching mavenrun-7f5f87e6-36f8-425b-bbf0-e463341ec544] INFO  o.eclipse.m2e.core.internal.Bundles - 	Entry: C:\Users\selva\.p2\pool\plugins\org.eclipse.m2e.maven.runtime_3.9.500.20231113-2345\jars\plexus-utils-3.5.1.jar
2024-01-31 15:14:10,130 [Worker-11: Launching mavenrun-7f5f87e6-36f8-425b-bbf0-e463341ec544] INFO  o.eclipse.m2e.core.internal.Bundles - 	Entry: C:\Users\selva\.p2\pool\plugins\org.eclipse.m2e.maven.runtime_3.9.500.20231113-2345\jars\wagon-file-3.5.3.jar
2024-01-31 15:14:10,130 [Worker-11: Launching mavenrun-7f5f87e6-36f8-425b-bbf0-e463341ec544] INFO  o.eclipse.m2e.core.internal.Bundles - 	Entry: C:\Users\selva\.p2\pool\plugins\org.eclipse.m2e.maven.runtime_3.9.500.20231113-2345\jars\wagon-http-3.5.3.jar
2024-01-31 15:14:10,131 [Worker-11: Launching mavenrun-7f5f87e6-36f8-425b-bbf0-e463341ec544] INFO  o.eclipse.m2e.core.internal.Bundles - 	Entry: C:\Users\selva\.p2\pool\plugins\org.eclipse.m2e.maven.runtime_3.9.500.20231113-2345\jars\wagon-http-shared-3.5.3.jar
2024-01-31 15:14:10,131 [Worker-11: Launching mavenrun-7f5f87e6-36f8-425b-bbf0-e463341ec544] INFO  o.eclipse.m2e.core.internal.Bundles - 	Entry: C:\Users\selva\.p2\pool\plugins\org.eclipse.m2e.maven.runtime_3.9.500.20231113-2345\jars\wagon-provider-api-3.5.3.jar
2024-01-31 15:14:10,132 [Worker-11: Launching mavenrun-7f5f87e6-36f8-425b-bbf0-e463341ec544] INFO  o.eclipse.m2e.core.internal.Bundles - getClasspathEntries(Bundle=com.google.guava_32.1.3.jre [10])
2024-01-31 15:14:10,132 [Worker-11: Launching mavenrun-7f5f87e6-36f8-425b-bbf0-e463341ec544] INFO  o.eclipse.m2e.core.internal.Bundles - 	Entry: C:\Users\selva\.p2\pool\plugins\com.google.guava_32.1.3.jre.jar
2024-01-31 15:14:10,132 [Worker-11: Launching mavenrun-7f5f87e6-36f8-425b-bbf0-e463341ec544] INFO  o.eclipse.m2e.core.internal.Bundles - getClasspathEntries(Bundle=slf4j.api_2.0.11 [515])
2024-01-31 15:14:10,133 [Worker-11: Launching mavenrun-7f5f87e6-36f8-425b-bbf0-e463341ec544] INFO  o.eclipse.m2e.core.internal.Bundles - 	Entry: C:\Users\selva\.p2\pool\plugins\slf4j.api_2.0.11.jar
2024-01-31 15:14:10,133 [Worker-11: Launching mavenrun-7f5f87e6-36f8-425b-bbf0-e463341ec544] INFO  o.eclipse.m2e.core.internal.Bundles - getClasspathEntries(Bundle=jakarta.inject.jakarta.inject-api_1.0.5 [22])
2024-01-31 15:14:10,133 [Worker-11: Launching mavenrun-7f5f87e6-36f8-425b-bbf0-e463341ec544] INFO  o.eclipse.m2e.core.internal.Bundles - 	Entry: C:\Users\selva\.p2\pool\plugins\jakarta.inject.jakarta.inject-api_1.0.5.jar
2024-01-31 15:14:10,133 [Worker-11: Launching mavenrun-7f5f87e6-36f8-425b-bbf0-e463341ec544] INFO  o.eclipse.m2e.core.internal.Bundles - getClasspathEntries(Bundle=jakarta.annotation-api_1.3.5 [20])
2024-01-31 15:14:10,133 [Worker-11: Launching mavenrun-7f5f87e6-36f8-425b-bbf0-e463341ec544] INFO  o.eclipse.m2e.core.internal.Bundles - 	Entry: C:\Users\selva\.p2\pool\plugins\jakarta.annotation-api_1.3.5.jar
2024-01-31 15:14:10,133 [Worker-11: Launching mavenrun-7f5f87e6-36f8-425b-bbf0-e463341ec544] INFO  o.eclipse.m2e.core.internal.Bundles - getClasspathEntries(Bundle=org.apache.commons.cli_1.6.0 [46])
2024-01-31 15:14:10,133 [Worker-11: Launching mavenrun-7f5f87e6-36f8-425b-bbf0-e463341ec544] INFO  o.eclipse.m2e.core.internal.Bundles - 	Entry: C:\Users\selva\.p2\pool\plugins\org.apache.commons.cli_1.6.0.jar
2024-01-31 15:14:10,134 [Worker-11: Launching mavenrun-7f5f87e6-36f8-425b-bbf0-e463341ec544] INFO  o.eclipse.m2e.core.internal.Bundles - getClasspathEntries(Bundle=org.apache.commons.commons-codec_1.16.0 [48])
2024-01-31 15:14:10,134 [Worker-11: Launching mavenrun-7f5f87e6-36f8-425b-bbf0-e463341ec544] INFO  o.eclipse.m2e.core.internal.Bundles - 	Entry: C:\Users\selva\.p2\pool\plugins\org.apache.commons.commons-codec_1.16.0.jar
2024-01-31 15:14:10,134 [Worker-11: Launching mavenrun-7f5f87e6-36f8-425b-bbf0-e463341ec544] INFO  o.eclipse.m2e.core.internal.Bundles - getClasspathEntries(Bundle=org.apache.commons.lang3_3.13.0 [53])
2024-01-31 15:14:10,134 [Worker-11: Launching mavenrun-7f5f87e6-36f8-425b-bbf0-e463341ec544] INFO  o.eclipse.m2e.core.internal.Bundles - 	Entry: C:\Users\selva\.p2\pool\plugins\org.apache.commons.lang3_3.13.0.jar
2024-01-31 15:14:10,134 [Worker-11: Launching mavenrun-7f5f87e6-36f8-425b-bbf0-e463341ec544] INFO  o.eclipse.m2e.core.internal.Bundles - getClasspathEntries(Bundle=com.google.guava.failureaccess_1.0.2 [11])
2024-01-31 15:14:10,134 [Worker-11: Launching mavenrun-7f5f87e6-36f8-425b-bbf0-e463341ec544] INFO  o.eclipse.m2e.core.internal.Bundles - 	Entry: C:\Users\selva\.p2\pool\plugins\com.google.guava.failureaccess_1.0.2.jar
2024-01-31 15:14:10,142 [Worker-11: Launching mavenrun-7f5f87e6-36f8-425b-bbf0-e463341ec544] INFO  o.e.m.i.launch.MavenLaunchDelegate - Run build in "C:\Users\selva\AppData\Local\Temp\m2e-archetypeGenerator12467058926932596456":
2024-01-31 15:14:10,146 [Worker-11: Launching mavenrun-7f5f87e6-36f8-425b-bbf0-e463341ec544] INFO  o.e.m.i.launch.MavenLaunchDelegate -  mvn  -DarchetypeGroupId=org.apache.maven.archetypes -DarchetypeArtifactId=maven-archetype-quickstart -DarchetypeVersion=1.4 -DgroupId=LessonEnd-phase2-Amazon -DartifactId=LessonEnd-phase2-Amazon -Dversion=0.0.1-SNAPSHOT -Dpackage=LessonEnd_phase2_Amazon.LessonEnd_phase2_Amazon -DoutputDirectory=C:\Users\selva\OneDrive\Desktop\lessonendphase2Amazon -Dstyle.color=always -U archetype:generate
2024-01-31 15:14:17,988 [Worker-22: Creating maven-archetype-quickstart] INFO  o.e.m.c.i.p.ProjectConfigurationManager - Collecting project info '/pom.xml' C:\Users\selva\OneDrive\Desktop\lessonendphase2Amazon\LessonEnd-phase2-Amazon\pom.xml
2024-01-31 15:14:18,564 [Worker-22: Creating maven-archetype-quickstart] INFO  o.e.m.c.i.l.LifecycleMappingFactory - Using org.eclipse.m2e.jdt.JarLifecycleMapping lifecycle mapping for MavenProject: LessonEnd-phase2-Amazon:LessonEnd-phase2-Amazon:0.0.1-SNAPSHOT @ C:\Users\selva\OneDrive\Desktop\lessonendphase2Amazon\LessonEnd-phase2-Amazon\pom.xml.
2024-01-31 15:14:19,060 [Worker-22: Creating maven-archetype-quickstart] INFO  o.e.m.j.i.AbstractJavaProjectConfigurator - Adding source folder /LessonEnd-phase2-Amazon/src/main/java
2024-01-31 15:14:19,061 [Worker-22: Creating maven-archetype-quickstart] INFO  o.e.m.j.i.AbstractJavaProjectConfigurator - Adding resource folder /LessonEnd-phase2-Amazon/src/main/resources
2024-01-31 15:14:19,066 [Worker-22: Creating maven-archetype-quickstart] INFO  o.e.m.j.i.AbstractJavaProjectConfigurator - Adding source folder /LessonEnd-phase2-Amazon/src/test/java
2024-01-31 15:14:19,066 [Worker-22: Creating maven-archetype-quickstart] INFO  o.e.m.j.i.AbstractJavaProjectConfigurator - Adding resource folder /LessonEnd-phase2-Amazon/src/test/resources
2024-01-31 15:14:19,166 [Worker-22: Creating maven-archetype-quickstart] INFO  o.e.m.c.i.p.ProjectConfigurationManager - Imported and configured 1 project(s) in 1 sec
2024-01-31 15:14:19,926 [Worker-22: Building] INFO  o.e.m.c.i.embedder.EclipseLogger - Using 'UTF-8' encoding to copy filtered resources.
2024-01-31 15:14:19,926 [Worker-22: Building] INFO  o.e.m.c.i.embedder.EclipseLogger - skip non existing resourceDirectory C:\Users\selva\OneDrive\Desktop\lessonendphase2Amazon\LessonEnd-phase2-Amazon\src\main\resources
2024-01-31 15:14:19,930 [Worker-22: Building] INFO  o.e.m.c.i.embedder.EclipseLogger - Using 'UTF-8' encoding to copy filtered resources.
2024-01-31 15:14:19,930 [Worker-22: Building] INFO  o.e.m.c.i.embedder.EclipseLogger - skip non existing resourceDirectory C:\Users\selva\OneDrive\Desktop\lessonendphase2Amazon\LessonEnd-phase2-Amazon\src\test\resources
2024-01-31 15:14:25,978 [Worker-12: Building] INFO  o.e.m.c.i.embedder.EclipseLogger - Using 'UTF-8' encoding to copy filtered resources.
2024-01-31 15:14:25,978 [Worker-12: Building] INFO  o.e.m.c.i.embedder.EclipseLogger - skip non existing resourceDirectory C:\Users\selva\OneDrive\Desktop\lessonendphase2Amazon\LessonEnd-phase2-Amazon\src\main\resources
2024-01-31 15:14:25,980 [Worker-12: Building] INFO  o.e.m.c.i.embedder.EclipseLogger - Using 'UTF-8' encoding to copy filtered resources.
2024-01-31 15:14:25,981 [Worker-12: Building] INFO  o.e.m.c.i.embedder.EclipseLogger - skip non existing resourceDirectory C:\Users\selva\OneDrive\Desktop\lessonendphase2Amazon\LessonEnd-phase2-Amazon\src\test\resources
2024-01-31 15:14:29,243 [Worker-18: Building] INFO  o.e.m.c.i.embedder.EclipseLogger - Using 'UTF-8' encoding to copy filtered resources.
2024-01-31 15:14:29,243 [Worker-18: Building] INFO  o.e.m.c.i.embedder.EclipseLogger - skip non existing resourceDirectory C:\Users\selva\OneDrive\Desktop\lessonendphase2Amazon\LessonEnd-phase2-Amazon\src\main\resources
2024-01-31 15:14:29,245 [Worker-18: Building] INFO  o.e.m.c.i.embedder.EclipseLogger - Using 'UTF-8' encoding to copy filtered resources.
2024-01-31 15:14:29,246 [Worker-18: Building] INFO  o.e.m.c.i.embedder.EclipseLogger - skip non existing resourceDirectory C:\Users\selva\OneDrive\Desktop\lessonendphase2Amazon\LessonEnd-phase2-Amazon\src\test\resources
2024-01-31 15:15:01,628 [Worker-18: Building] INFO  o.e.m.c.i.l.LifecycleMappingFactory - Using org.eclipse.m2e.jdt.JarLifecycleMapping lifecycle mapping for MavenProject: LessonEnd-phase2-Amazon:LessonEnd-phase2-Amazon:0.0.1-SNAPSHOT @ C:\Users\selva\OneDrive\Desktop\lessonendphase2Amazon\LessonEnd-phase2-Amazon\pom.xml.
2024-01-31 15:15:02,391 [Worker-18: Building] INFO  o.e.m.c.i.embedder.EclipseLogger - Using 'UTF-8' encoding to copy filtered resources.
2024-01-31 15:15:02,391 [Worker-18: Building] INFO  o.e.m.c.i.embedder.EclipseLogger - skip non existing resourceDirectory C:\Users\selva\OneDrive\Desktop\lessonendphase2Amazon\LessonEnd-phase2-Amazon\src\main\resources
2024-01-31 15:15:02,395 [Worker-18: Building] INFO  o.e.m.c.i.embedder.EclipseLogger - Using 'UTF-8' encoding to copy filtered resources.
2024-01-31 15:15:02,396 [Worker-18: Building] INFO  o.e.m.c.i.embedder.EclipseLogger - skip non existing resourceDirectory C:\Users\selva\OneDrive\Desktop\lessonendphase2Amazon\LessonEnd-phase2-Amazon\src\test\resources
2024-01-31 15:16:20,517 [Worker-3: Building] INFO  o.e.m.c.i.embedder.EclipseLogger - Using 'UTF-8' encoding to copy filtered resources.
2024-01-31 15:16:20,518 [Worker-3: Building] INFO  o.e.m.c.i.embedder.EclipseLogger - skip non existing resourceDirectory C:\Users\selva\OneDrive\Desktop\lessonendphase2Amazon\LessonEnd-phase2-Amazon\src\main\resources
2024-01-31 15:16:20,519 [Worker-3: Building] INFO  o.e.m.c.i.embedder.EclipseLogger - Using 'UTF-8' encoding to copy filtered resources.
2024-01-31 15:16:20,519 [Worker-3: Building] INFO  o.e.m.c.i.embedder.EclipseLogger - skip non existing resourceDirectory C:\Users\selva\OneDrive\Desktop\lessonendphase2Amazon\LessonEnd-phase2-Amazon\src\test\resources
2024-01-31 15:17:22,442 [Worker-3: Building] INFO  o.e.m.c.i.embedder.EclipseLogger - Using 'UTF-8' encoding to copy filtered resources.
2024-01-31 15:17:22,443 [Worker-3: Building] INFO  o.e.m.c.i.embedder.EclipseLogger - skip non existing resourceDirectory C:\Users\selva\OneDrive\Desktop\lessonendphase2Amazon\LessonEnd-phase2-Amazon\src\main\resources
2024-01-31 15:17:22,444 [Worker-3: Building] INFO  o.e.m.c.i.embedder.EclipseLogger - Using 'UTF-8' encoding to copy filtered resources.
2024-01-31 15:17:22,444 [Worker-3: Building] INFO  o.e.m.c.i.embedder.EclipseLogger - skip non existing resourceDirectory C:\Users\selva\OneDrive\Desktop\lessonendphase2Amazon\LessonEnd-phase2-Amazon\src\test\resources
2024-01-31 15:20:26,264 [Worker-3: Building] INFO  o.e.m.c.i.embedder.EclipseLogger - Using 'UTF-8' encoding to copy filtered resources.
2024-01-31 15:20:26,264 [Worker-3: Building] INFO  o.e.m.c.i.embedder.EclipseLogger - skip non existing resourceDirectory C:\Users\selva\OneDrive\Desktop\lessonendphase2Amazon\LessonEnd-phase2-Amazon\src\main\resources
2024-01-31 15:20:26,266 [Worker-3: Building] INFO  o.e.m.c.i.embedder.EclipseLogger - Using 'UTF-8' encoding to copy filtered resources.
2024-01-31 15:20:26,266 [Worker-3: Building] INFO  o.e.m.c.i.embedder.EclipseLogger - skip non existing resourceDirectory C:\Users\selva\OneDrive\Desktop\lessonendphase2Amazon\LessonEnd-phase2-Amazon\src\test\resources
2024-01-31 15:20:45,713 [Worker-13: Building] INFO  o.e.m.c.i.embedder.EclipseLogger - Using 'UTF-8' encoding to copy filtered resources.
2024-01-31 15:20:45,714 [Worker-13: Building] INFO  o.e.m.c.i.embedder.EclipseLogger - skip non existing resourceDirectory C:\Users\selva\OneDrive\Desktop\lessonendphase2Amazon\LessonEnd-phase2-Amazon\src\main\resources
2024-01-31 15:20:45,716 [Worker-13: Building] INFO  o.e.m.c.i.embedder.EclipseLogger - Using 'UTF-8' encoding to copy filtered resources.
2024-01-31 15:20:45,716 [Worker-13: Building] INFO  o.e.m.c.i.embedder.EclipseLogger - skip non existing resourceDirectory C:\Users\selva\OneDrive\Desktop\lessonendphase2Amazon\LessonEnd-phase2-Amazon\src\test\resources
2024-01-31 15:20:50,921 [Worker-3: Build project LessonEnd-phase2-Amazon] INFO  o.e.m.c.i.embedder.EclipseLogger - Using 'UTF-8' encoding to copy filtered resources.
2024-01-31 15:20:50,921 [Worker-3: Build project LessonEnd-phase2-Amazon] INFO  o.e.m.c.i.embedder.EclipseLogger - skip non existing resourceDirectory C:\Users\selva\OneDrive\Desktop\lessonendphase2Amazon\LessonEnd-phase2-Amazon\src\main\resources
2024-01-31 15:20:50,922 [Worker-3: Build project LessonEnd-phase2-Amazon] INFO  o.e.m.c.i.embedder.EclipseLogger - Using 'UTF-8' encoding to copy filtered resources.
2024-01-31 15:20:50,922 [Worker-3: Build project LessonEnd-phase2-Amazon] INFO  o.e.m.c.i.embedder.EclipseLogger - skip non existing resourceDirectory C:\Users\selva\OneDrive\Desktop\lessonendphase2Amazon\LessonEnd-phase2-Amazon\src\test\resources
2024-01-31 15:21:20,309 [Worker-3: Building] INFO  o.e.m.c.i.embedder.EclipseLogger - Using 'UTF-8' encoding to copy filtered resources.
2024-01-31 15:21:20,309 [Worker-3: Building] INFO  o.e.m.c.i.embedder.EclipseLogger - skip non existing resourceDirectory C:\Users\selva\OneDrive\Desktop\lessonendphase2Amazon\LessonEnd-phase2-Amazon\src\main\resources
2024-01-31 15:21:20,311 [Worker-3: Building] INFO  o.e.m.c.i.embedder.EclipseLogger - Using 'UTF-8' encoding to copy filtered resources.
2024-01-31 15:21:20,311 [Worker-3: Building] INFO  o.e.m.c.i.embedder.EclipseLogger - skip non existing resourceDirectory C:\Users\selva\OneDrive\Desktop\lessonendphase2Amazon\LessonEnd-phase2-Amazon\src\test\resources
2024-01-31 15:21:46,127 [Worker-3: Building] INFO  o.e.m.c.i.embedder.EclipseLogger - Using 'UTF-8' encoding to copy filtered resources.
2024-01-31 15:21:46,127 [Worker-3: Building] INFO  o.e.m.c.i.embedder.EclipseLogger - skip non existing resourceDirectory C:\Users\selva\OneDrive\Desktop\lessonendphase2Amazon\LessonEnd-phase2-Amazon\src\main\resources
2024-01-31 15:21:46,127 [Worker-3: Building] INFO  o.e.m.c.i.embedder.EclipseLogger - Using 'UTF-8' encoding to copy filtered resources.
2024-01-31 15:21:46,127 [Worker-3: Building] INFO  o.e.m.c.i.embedder.EclipseLogger - skip non existing resourceDirectory C:\Users\selva\OneDrive\Desktop\lessonendphase2Amazon\LessonEnd-phase2-Amazon\src\test\resources
2024-01-31 15:22:36,014 [Worker-3: Building] INFO  o.e.m.c.i.embedder.EclipseLogger - Using 'UTF-8' encoding to copy filtered resources.
2024-01-31 15:22:36,014 [Worker-3: Building] INFO  o.e.m.c.i.embedder.EclipseLogger - skip non existing resourceDirectory C:\Users\selva\OneDrive\Desktop\lessonendphase2Amazon\LessonEnd-phase2-Amazon\src\main\resources
2024-01-31 15:22:36,018 [Worker-3: Building] INFO  o.e.m.c.i.embedder.EclipseLogger - Using 'UTF-8' encoding to copy filtered resources.
2024-01-31 15:22:36,018 [Worker-3: Building] INFO  o.e.m.c.i.embedder.EclipseLogger - skip non existing resourceDirectory C:\Users\selva\OneDrive\Desktop\lessonendphase2Amazon\LessonEnd-phase2-Amazon\src\test\resources
2024-01-31 15:24:52,506 [Worker-3: Building] INFO  o.e.m.c.i.embedder.EclipseLogger - Using 'UTF-8' encoding to copy filtered resources.
2024-01-31 15:24:52,507 [Worker-3: Building] INFO  o.e.m.c.i.embedder.EclipseLogger - skip non existing resourceDirectory C:\Users\selva\OneDrive\Desktop\lessonendphase2Amazon\LessonEnd-phase2-Amazon\src\main\resources
2024-01-31 15:24:52,509 [Worker-3: Building] INFO  o.e.m.c.i.embedder.EclipseLogger - Using 'UTF-8' encoding to copy filtered resources.
2024-01-31 15:24:52,509 [Worker-3: Building] INFO  o.e.m.c.i.embedder.EclipseLogger - skip non existing resourceDirectory C:\Users\selva\OneDrive\Desktop\lessonendphase2Amazon\LessonEnd-phase2-Amazon\src\test\resources
2024-01-31 15:25:57,139 [Worker-31: Building] INFO  o.e.m.c.i.embedder.EclipseLogger - Using 'UTF-8' encoding to copy filtered resources.
2024-01-31 15:25:57,139 [Worker-31: Building] INFO  o.e.m.c.i.embedder.EclipseLogger - skip non existing resourceDirectory C:\Users\selva\OneDrive\Desktop\lessonendphase2Amazon\LessonEnd-phase2-Amazon\src\main\resources
2024-01-31 15:25:57,142 [Worker-31: Building] INFO  o.e.m.c.i.embedder.EclipseLogger - Using 'UTF-8' encoding to copy filtered resources.
2024-01-31 15:25:57,142 [Worker-31: Building] INFO  o.e.m.c.i.embedder.EclipseLogger - skip non existing resourceDirectory C:\Users\selva\OneDrive\Desktop\lessonendphase2Amazon\LessonEnd-phase2-Amazon\src\test\resources
